2025-10-10T13:26:55.485+05:30  WARN 7096 --- [HikariPool-1 housekeeper] com.zaxxer.hikari.pool.HikariPool        : HikariPool-1 - Thread starvation or clock leap detected (housekeeper delta=14h25m59s894ms442µs700ns).
2025-10-10T13:27:13.678+05:30  INFO 7096 --- [SpringApplicationShutdownHook] j.LocalContainerEntityManagerFactoryBean : Closing JPA EntityManagerFactory for persistence unit 'default'
2025-10-10T13:27:13.678+05:30  INFO 7096 --- [SpringApplicationShutdownHook] com.zaxxer.hikari.HikariDataSource       : HikariPool-1 - Shutdown initiated...
2025-10-10T13:27:13.678+05:30  INFO 7096 --- [SpringApplicationShutdownHook] com.zaxxer.hikari.HikariDataSource       : HikariPool-1 - Shutdown completed.
2025-10-10T13:29:04.006+05:30  INFO 25964 --- [main] com.foodorder.FoodOrderingApplication    : Starting FoodOrderingApplication using Java 23.0.1 with PID 25964 (C:\Users\susmi\OneDrive\Desktop\food order\backend\target\classes started by THANUSH in C:\Users\susmi\OneDrive\Desktop\food order\backend)
2025-10-10T13:29:04.015+05:30 DEBUG 25964 --- [main] com.foodorder.FoodOrderingApplication    : Running with Spring Boot v3.1.5, Spring v6.0.13
2025-10-10T13:29:04.015+05:30  INFO 25964 --- [main] com.foodorder.FoodOrderingApplication    : No active profile set, falling back to 1 default profile: "default"
2025-10-10T13:29:05.325+05:30  INFO 25964 --- [main] .s.d.r.c.RepositoryConfigurationDelegate : Bootstrapping Spring Data JPA repositories in DEFAULT mode.
2025-10-10T13:29:05.472+05:30  INFO 25964 --- [main] .s.d.r.c.RepositoryConfigurationDelegate : Finished Spring Data repository scanning in 131 ms. Found 4 JPA repository interfaces.
2025-10-10T13:29:06.531+05:30  INFO 25964 --- [main] o.s.b.w.embedded.tomcat.TomcatWebServer  : Tomcat initialized with port(s): 8080 (http)
2025-10-10T13:29:06.553+05:30  INFO 25964 --- [main] o.apache.catalina.core.StandardService   : Starting service [Tomcat]
2025-10-10T13:29:06.553+05:30  INFO 25964 --- [main] o.apache.catalina.core.StandardEngine    : Starting Servlet engine: [Apache Tomcat/10.1.15]
2025-10-10T13:29:06.690+05:30  INFO 25964 --- [main] o.a.c.c.C.[Tomcat].[localhost].[/]       : Initializing Spring embedded WebApplicationContext
2025-10-10T13:29:06.706+05:30  INFO 25964 --- [main] w.s.c.ServletWebServerApplicationContext : Root WebApplicationContext: initialization completed in 2553 ms
2025-10-10T13:29:06.858+05:30 DEBUG 25964 --- [main] c.f.security.JwtAuthenticationFilter     : Filter 'jwtAuthenticationFilter' configured for use
2025-10-10T13:29:07.043+05:30  INFO 25964 --- [main] o.hibernate.jpa.internal.util.LogHelper  : HHH000204: Processing PersistenceUnitInfo [name: default]
2025-10-10T13:29:07.129+05:30  INFO 25964 --- [main] org.hibernate.Version                    : HHH000412: Hibernate ORM core version 6.2.13.Final
2025-10-10T13:29:07.129+05:30  INFO 25964 --- [main] org.hibernate.cfg.Environment            : HHH000406: Using bytecode reflection optimizer
2025-10-10T13:29:07.667+05:30  INFO 25964 --- [main] o.s.o.j.p.SpringPersistenceUnitInfo      : No LoadTimeWeaver setup: ignoring JPA class transformer
2025-10-10T13:29:07.738+05:30  INFO 25964 --- [main] com.zaxxer.hikari.HikariDataSource       : HikariPool-1 - Starting...
2025-10-10T13:29:08.079+05:30  INFO 25964 --- [main] com.zaxxer.hikari.pool.HikariPool        : HikariPool-1 - Added connection com.mysql.cj.jdbc.ConnectionImpl@6eede35e
2025-10-10T13:29:08.079+05:30  INFO 25964 --- [main] com.zaxxer.hikari.HikariDataSource       : HikariPool-1 - Start completed.
2025-10-10T13:29:08.180+05:30  WARN 25964 --- [main] org.hibernate.orm.deprecation            : HHH90000025: MySQL8Dialect does not need to be specified explicitly using 'hibernate.dialect' (remove the property setting and it will be selected by default)
2025-10-10T13:29:08.180+05:30  WARN 25964 --- [main] org.hibernate.orm.deprecation            : HHH90000026: MySQL8Dialect has been deprecated; use org.hibernate.dialect.MySQLDialect instead
2025-10-10T13:29:09.750+05:30  INFO 25964 --- [main] o.h.e.t.j.p.i.JtaPlatformInitiator       : HHH000489: No JTA platform available (set 'hibernate.transaction.jta.platform' to enable JTA platform integration)
2025-10-10T13:29:09.935+05:30  INFO 25964 --- [main] j.LocalContainerEntityManagerFactoryBean : Initialized JPA EntityManagerFactory for persistence unit 'default'
2025-10-10T13:29:10.853+05:30  WARN 25964 --- [main] JpaBaseConfiguration$JpaWebConfiguration : spring.jpa.open-in-view is enabled by default. Therefore, database queries may be performed during view rendering. Explicitly configure spring.jpa.open-in-view to disable this warning
2025-10-10T13:29:10.885+05:30  WARN 25964 --- [main] .s.s.UserDetailsServiceAutoConfiguration : 

Using generated security password: 25f2798d-0579-4ec1-8211-689e624a32bf

This generated password is for development use only. Your security configuration must be updated before running your application in production.

2025-10-10T13:29:11.281+05:30  INFO 25964 --- [main] o.s.s.web.DefaultSecurityFilterChain     : Will secure any request with [org.springframework.security.web.session.DisableEncodeUrlFilter@5f596a1a, org.springframework.security.web.context.request.async.WebAsyncManagerIntegrationFilter@62977afb, org.springframework.security.web.context.SecurityContextHolderFilter@3a574a3b, org.springframework.security.web.header.HeaderWriterFilter@1735e1c4, org.springframework.web.filter.CorsFilter@13edc1bc, org.springframework.security.web.authentication.logout.LogoutFilter@4936fbc6, com.foodorder.security.JwtAuthenticationFilter@10a98392, org.springframework.security.web.savedrequest.RequestCacheAwareFilter@5418893c, org.springframework.security.web.servletapi.SecurityContextHolderAwareRequestFilter@30a1b2ad, org.springframework.security.web.authentication.AnonymousAuthenticationFilter@77604a86, org.springframework.security.web.session.SessionManagementFilter@1690929, org.springframework.security.web.access.ExceptionTranslationFilter@1d0fc0bc, org.springframework.security.web.access.intercept.AuthorizationFilter@1a34f8e2]
2025-10-10T13:29:11.549+05:30  INFO 25964 --- [main] o.s.b.w.embedded.tomcat.TomcatWebServer  : Tomcat started on port(s): 8080 (http) with context path ''
2025-10-10T13:29:11.565+05:30  INFO 25964 --- [main] com.foodorder.FoodOrderingApplication    : Started FoodOrderingApplication in 8.543 seconds (process running for 9.209)
2025-10-10T13:29:42.892+05:30  INFO 25964 --- [SpringApplicationShutdownHook] j.LocalContainerEntityManagerFactoryBean : Closing JPA EntityManagerFactory for persistence unit 'default'
2025-10-10T13:29:42.899+05:30  INFO 25964 --- [SpringApplicationShutdownHook] com.zaxxer.hikari.HikariDataSource       : HikariPool-1 - Shutdown initiated...
2025-10-10T13:29:42.921+05:30  INFO 25964 --- [SpringApplicationShutdownHook] com.zaxxer.hikari.HikariDataSource       : HikariPool-1 - Shutdown completed.
